[2025-08-03 02:07:28] User #25 (mn) logged in successfully from IP ::1.
[2025-08-03 02:26:43] Failed login for 'MN' - wrong password from IP ::1.
[2025-08-03 02:26:49] User #25 (mn) logged in successfully from IP ::1.
[2025-08-03 02:28:40] User #25 (Muhammad Naveed) logged out from IP ::1.
[2025-08-03 02:29:04] User #Unknown (Unknown) logged out from IP ::1.
[2025-08-03 02:29:06] User #Unknown (Unknown) logged out from IP ::1.
[2025-08-03 02:29:24] User #25 (mn) logged in successfully from IP ::1.
[2025-08-03 03:46:05] User #25 (mn) logged in successfully from IP ::1.
[2025-08-12 17:01:15] User #25 (mn) logged in successfully from IP ::1.
[2025-09-10 12:05:37] User #25 (mn) logged in successfully from IP ::1.
[2025-09-11 18:12:56] User #25 (Muhammad Naveed) logged out from IP ::1.
[2025-09-11 18:13:11] Failed login for 'AhmedButt' - wrong password from IP ::1.
[2025-09-11 18:16:31] Failed login for 'ahmedbutt' - wrong password from IP ::1.
[2025-09-11 18:16:55] Failed login for 'ahmedbutt' - wrong password from IP ::1.
[2025-09-11 18:17:54] Failed login for 'ahmedbutt' - wrong password from IP ::1.
[2025-09-11 18:18:14] User #25 (Muhammad Naveed) logged out from IP ::1.
[2025-09-11 18:19:23] Failed login for 'ahmedbutt' - wrong password from IP ::1.
[2025-09-11 18:21:29] Failed login for 'ahmedbutt' - wrong password from IP ::1.
[2025-09-11 18:25:01] Failed login for 'ahmedbutt' - wrong password from IP ::1.
[2025-09-12 09:14:06] User #25 (mn) logged in successfully from IP ::1.
[2025-09-12 12:54:54] User #25 (mn) logged in successfully from IP ::1.
[2025-09-13 11:35:57] User #25 (mn) logged in successfully from IP ::1.
[2025-09-17 11:38:17] User #25 (mn) logged in successfully from IP ::1.
[2025-09-17 11:46:36] User #25 (mn) logged in successfully from IP ::1.
[2025-09-17 11:49:05] User #25 (mn) logged in successfully from IP ::1.
[2025-09-17 11:53:49] User #25 (mn) logged in successfully from IP ::1.
[2025-09-17 12:01:37] User #25 (mn) logged in successfully from IP ::1.
[2025-09-17 12:07:50] User #25 (mn) logged in successfully from IP ::1.
[2025-09-17 12:17:49] User #25 (Muhammad Naveed) logged out from IP ::1.
[2025-09-17 12:17:51] User #25 (mn) logged in successfully from IP ::1.
[2025-09-17 12:18:19] User #25 (Muhammad Naveed) logged out from IP ::1.
[2025-09-17 12:18:21] User #25 (mn) logged in successfully from IP ::1.
[2025-09-17 15:03:02] User #25 (mn) logged in successfully from IP ::1.
[2025-09-17 16:14:44] User #25 (mn) logged in successfully from IP ::1.
[2025-09-17 16:17:07] User #25 (mn) logged in successfully from IP ::1.
[2025-09-21 08:33:52] User #25 (mn) logged in successfully from IP ::1.
[2025-09-21 12:05:07] User #25 (mn) logged in successfully from IP ::1.
[2025-09-21 12:07:37] User #25 (mn) logged in successfully from IP ::1.
[2025-09-21 12:13:02] User #25 (mn) logged in successfully from IP ::1.
[2025-09-21 12:13:36] User #25 (mn) logged in successfully from IP ::1.
[2025-09-21 12:19:37] User #25 (mn) logged in successfully from IP ::1.
[2025-09-21 12:21:34] User #25 (mn) logged in successfully from IP ::1.
[2025-09-21 12:25:52] User #25 (mn) logged in successfully from IP ::1.
[2025-09-21 12:27:03] User #25 (mn) logged in successfully from IP ::1.
[2025-09-21 12:33:31] User #25 (mn) logged in successfully from IP ::1.
[2025-09-21 12:35:13] User #25 (mn) logged in successfully from IP ::1.
[2025-09-21 12:40:40] User #25 (mn) logged in successfully from IP ::1.
[2025-09-21 12:45:05] User #25 (mn) logged in successfully from IP ::1.
[2025-09-21 12:48:44] User #25 (mn) logged in successfully from IP ::1.
[2025-09-21 12:54:41] User #25 (mn) logged in successfully from IP ::1.
[2025-09-22 06:58:12] User #25 (mn) logged in successfully from IP ::1.
[2025-09-22 06:59:54] User #25 (mn) logged in successfully from IP ::1.
[2025-09-22 07:07:51] User #25 (mn) logged in successfully from IP ::1.
[2025-09-22 07:24:55] User #25 (mn) logged in successfully from IP ::1.
[2025-09-22 09:04:21] User #25 (mn) logged in successfully from IP ::1.
[2025-09-22 09:06:29] User #25 (mn) logged in successfully from IP ::1.
[2025-09-22 09:13:25] User #25 (mn) logged in successfully from IP ::1.
[2025-09-22 09:38:20] User #25 (mn) logged in successfully from IP ::1.
[2025-09-22 15:11:25] User #25 (mn) logged in successfully from IP ::1.
[2025-09-22 16:54:50] User #25 (mn) logged in successfully from IP ::1.
[2025-09-23 10:59:33] User #25 (mn) logged in successfully from IP ::1.
[2025-09-23 12:23:22] User #25 (mn) logged in successfully from IP ::1.
[2025-09-23 12:25:57] User #25 (mn) logged in successfully from IP ::1.
[2025-09-23 12:27:14] User #25 (mn) logged in successfully from IP ::1.
[2025-09-23 12:36:16] User #25 (mn) logged in successfully from IP ::1.
[2025-09-23 12:36:52] User #25 (Muhammad Naveed) logged out from IP ::1.
[2025-09-23 12:36:56] User #25 (mn) logged in successfully from IP ::1.
[2025-09-23 12:37:49] User #25 (Muhammad Naveed) logged out from IP ::1.
[2025-09-23 12:37:52] User #Unknown (Unknown) logged out from IP ::1.
[2025-09-23 12:37:54] User #Unknown (Unknown) logged out from IP ::1.
[2025-09-23 12:37:54] User #Unknown (Unknown) logged out from IP ::1.
[2025-09-23 12:37:55] User #Unknown (Unknown) logged out from IP ::1.
[2025-09-23 12:37:58] User #Unknown (Unknown) logged out from IP ::1.
[2025-09-23 12:37:59] User #25 (mn) logged in successfully from IP ::1.
[2025-09-23 17:58:45] User #25 (Muhammad Naveed) logged out from IP ::1.
[2025-09-23 17:58:47] User #25 (mn) logged in successfully from IP ::1.
[2025-09-23 17:59:39] User #25 (Muhammad Naveed) logged out from IP ::1.
[2025-09-23 17:59:42] User #25 (mn) logged in successfully from IP ::1.
[2025-09-23 18:00:03] User #25 (Muhammad Naveed) logged out from IP ::1.
[2025-09-23 18:00:04] User #25 (mn) logged in successfully from IP ::1.
[2025-09-23 18:00:47] User #25 (Muhammad Naveed) logged out from IP ::1.
[2025-09-23 18:00:48] User #25 (mn) logged in successfully from IP ::1.
[2025-09-23 18:01:49] User #25 (mn) logged in successfully from IP ::1.
[2025-09-23 18:02:54] User #25 (Muhammad Naveed) logged out from IP ::1.
[2025-09-23 18:02:56] User #25 (mn) logged in successfully from IP ::1.
[2025-09-23 18:03:05] User #25 (Muhammad Naveed) logged out from IP ::1.
[2025-09-23 18:03:07] User #25 (mn) logged in successfully from IP ::1.
[2025-09-23 18:04:32] User #25 (mn) logged in successfully from IP ::1.
[2025-09-23 18:06:34] User #25 (mn) logged in successfully from IP ::1.
[2025-09-23 18:08:40] User #25 (mn) logged in successfully from IP ::1.
[2025-09-23 18:13:43] User #25 (mn) logged in successfully from IP ::1.
[2025-09-23 18:13:58] User #25 (Muhammad Naveed) logged out from IP ::1.
[2025-09-23 18:14:00] User #25 (mn) logged in successfully from IP ::1.
[2025-09-23 18:15:53] User #25 (Muhammad Naveed) logged out from IP ::1.
[2025-09-23 18:15:55] User #25 (mn) logged in successfully from IP ::1.
[2025-09-23 18:18:50] User #25 (Muhammad Naveed) logged out from IP ::1.
[2025-09-23 18:18:52] User #25 (mn) logged in successfully from IP ::1.
[2025-09-23 18:19:35] User #25 (Muhammad Naveed) logged out from IP ::1.
[2025-09-23 18:19:37] User #25 (mn) logged in successfully from IP ::1.
[2025-09-23 18:19:57] User #25 (Muhammad Naveed) logged out from IP ::1.
[2025-09-23 18:19:58] User #25 (mn) logged in successfully from IP ::1.
[2025-09-23 18:20:35] User #25 (Muhammad Naveed) logged out from IP ::1.
[2025-09-23 18:20:36] User #25 (mn) logged in successfully from IP ::1.
[2025-09-23 18:21:28] User #25 (Muhammad Naveed) logged out from IP ::1.
[2025-09-23 18:21:29] User #25 (mn) logged in successfully from IP ::1.
[2025-09-23 18:21:42] User #25 (Muhammad Naveed) logged out from IP ::1.
[2025-09-23 18:21:44] User #25 (mn) logged in successfully from IP ::1.
[2025-09-23 18:24:16] User #25 (Muhammad Naveed) logged out from IP ::1.
[2025-09-23 18:24:17] User #25 (mn) logged in successfully from IP ::1.
[2025-09-23 18:24:23] User #25 (Muhammad Naveed) logged out from IP ::1.
[2025-09-23 18:24:25] User #25 (mn) logged in successfully from IP ::1.
[2025-09-23 18:24:36] User #25 (Muhammad Naveed) logged out from IP ::1.
[2025-09-23 18:24:37] User #25 (mn) logged in successfully from IP ::1.
[2025-09-23 18:32:30] User #25 (Muhammad Naveed) logged out from IP ::1.
[2025-09-23 18:32:32] User #25 (mn) logged in successfully from IP ::1.
[2025-09-23 18:33:33] User #25 (Muhammad Naveed) logged out from IP ::1.
[2025-09-23 18:33:34] User #25 (mn) logged in successfully from IP ::1.
[2025-09-23 18:34:15] User #25 (Muhammad Naveed) logged out from IP ::1.
[2025-09-23 18:34:16] User #25 (mn) logged in successfully from IP ::1.
[2025-09-23 18:35:51] User #25 (Muhammad Naveed) logged out from IP ::1.
[2025-09-23 18:35:53] User #25 (mn) logged in successfully from IP ::1.
[2025-09-23 18:45:40] User #25 (Muhammad Naveed) logged out from IP ::1.
[2025-09-23 18:45:42] User #25 (mn) logged in successfully from IP ::1.
[2025-09-23 18:45:57] User #25 (Muhammad Naveed) logged out from IP ::1.
[2025-09-23 18:45:59] User #25 (mn) logged in successfully from IP ::1.
[2025-09-23 18:49:03] User #25 (Muhammad Naveed) logged out from IP ::1.
[2025-09-23 18:49:04] User #25 (mn) logged in successfully from IP ::1.
[2025-09-23 18:49:34] User #25 (Muhammad Naveed) logged out from IP ::1.
[2025-09-23 18:49:36] User #25 (mn) logged in successfully from IP ::1.
[2025-09-23 18:50:11] User #25 (Muhammad Naveed) logged out from IP ::1.
[2025-09-23 18:50:13] User #25 (mn) logged in successfully from IP ::1.
[2025-09-23 18:52:30] User #25 (Muhammad Naveed) logged out from IP ::1.
[2025-09-23 18:52:31] User #25 (mn) logged in successfully from IP ::1.
[2025-09-23 18:53:30] User #25 (Muhammad Naveed) logged out from IP ::1.
[2025-09-23 18:53:32] User #25 (mn) logged in successfully from IP ::1.
[2025-09-23 18:55:04] User #25 (Muhammad Naveed) logged out from IP ::1.
[2025-09-23 18:55:06] User #25 (mn) logged in successfully from IP ::1.
[2025-09-23 18:57:27] User #25 (Muhammad Naveed) logged out from IP ::1.
[2025-09-23 18:57:28] User #25 (mn) logged in successfully from IP ::1.
[2025-09-23 18:59:16] User #25 (Muhammad Naveed) logged out from IP ::1.
[2025-09-23 18:59:17] User #25 (mn) logged in successfully from IP ::1.
[2025-09-23 19:00:38] User #25 (Muhammad Naveed) logged out from IP ::1.
[2025-09-23 19:00:39] User #25 (mn) logged in successfully from IP ::1.
[2025-09-23 19:08:52] User #25 (mn) logged in successfully from IP ::1.
[2025-09-23 19:10:23] User #25 (Muhammad Naveed) logged out from IP ::1.
[2025-09-23 19:10:25] User #25 (mn) logged in successfully from IP ::1.
[2025-09-23 19:10:49] User #25 (Muhammad Naveed) logged out from IP ::1.
[2025-09-23 19:10:51] User #25 (mn) logged in successfully from IP ::1.
[2025-09-23 19:12:44] User #25 (Muhammad Naveed) logged out from IP ::1.
[2025-09-23 19:13:14] User #25 (mn) logged in successfully from IP ::1.
[2025-09-23 20:18:41] User #25 (mn) logged in successfully from IP ::1.
[2025-09-25 16:22:24] User #25 (mn) logged in successfully from IP ::1.
[2025-09-25 16:23:40] User #25 (mn) logged in successfully from IP ::1.
[2025-09-25 16:25:21] User #25 (mn) logged in successfully from IP ::1.
[2025-09-25 16:39:28] User #25 (Muhammad Naveed) logged out from IP ::1.
[2025-09-25 16:39:31] User #25 (mn) logged in successfully from IP ::1.
[2025-09-25 16:42:16] User #25 (mn) logged in successfully from IP ::1.
[2025-09-25 18:03:04] User #25 (Muhammad Naveed) logged out from IP ::1.
[2025-09-25 18:03:06] User #25 (mn) logged in successfully from IP ::1.
[2025-09-27 15:48:51] User #25 (mn) logged in successfully from IP ::1.
[2025-09-28 03:23:30] User #25 (mn) logged in successfully from IP ::1.
[2025-09-29 19:46:28] User #25 (Muhammad Naveed) logged out from IP ::1.
[2025-10-01 18:14:14] User #25 (Muhammad Naveed) logged out from IP ::1.
[2025-10-01 18:14:15] User #25 (mn) logged in successfully from IP ::1.
[2025-10-01 18:19:23] User #25 (Muhammad Naveed) logged out from IP ::1.
[2025-10-01 18:19:27] User #25 (mn) logged in successfully from IP ::1.
[2025-10-01 18:19:40] User #25 (Muhammad Naveed) logged out from IP ::1.
[2025-10-01 18:19:43] User #25 (mn) logged in successfully from IP ::1.
[2025-10-04 17:15:37] User #25 (mn) logged in successfully from IP ::1.
=======
[2025-10-02 20:49:31] User #25 (mn) logged in successfully from IP ::1.
[2025-10-02 20:49:58] User #25 (mn) logged in successfully from IP ::1.
[2025-10-03 07:51:40] User #25 (Muhammad Naveed) logged out from IP ::1.
[2025-10-03 07:51:44] User #25 (mn) logged in successfully from IP ::1.
[2025-10-03 07:52:31] User #25 (Muhammad Naveed) logged out from IP ::1.
[2025-10-03 07:52:33] User #25 (mn) logged in successfully from IP ::1.
[2025-10-03 08:02:49] User #25 (Muhammad Naveed) logged out from IP ::1.
[2025-10-03 08:02:51] User #25 (mn) logged in successfully from IP ::1.
[2025-10-03 08:06:55] User #25 (Muhammad Naveed) logged out from IP ::1.
[2025-10-03 08:06:57] User #25 (mn) logged in successfully from IP ::1.
[2025-10-03 08:10:06] User #25 (Muhammad Naveed) logged out from IP ::1.
[2025-10-03 08:10:09] User #25 (mn) logged in successfully from IP ::1.
[2025-10-03 08:11:19] User #25 (Muhammad Naveed) logged out from IP ::1.
[2025-10-03 08:11:20] User #25 (mn) logged in successfully from IP ::1.
[2025-10-03 08:16:31] User #Unknown (Unknown) logged out from IP ::1.
[2025-10-03 08:16:34] User #25 (mn) logged in successfully from IP ::1.
[2025-10-03 08:20:42] User #25 (Muhammad Naveed) logged out from IP ::1.
[2025-10-03 08:20:44] User #25 (mn) logged in successfully from IP ::1.
[2025-10-03 08:22:59] User #25 (Muhammad Naveed) logged out from IP ::1.
[2025-10-03 08:23:00] User #Unknown (Unknown) logged out from IP ::1.
[2025-10-03 08:23:02] User #Unknown (Unknown) logged out from IP ::1.
[2025-10-03 08:23:03] User #Unknown (Unknown) logged out from IP ::1.
[2025-10-03 08:23:04] User #Unknown (Unknown) logged out from IP ::1.
[2025-10-03 08:23:37] User #Unknown (Unknown) logged out from IP ::1.
[2025-10-03 08:23:38] User #Unknown (Unknown) logged out from IP ::1.
[2025-10-03 08:23:57] User #Unknown (Unknown) logged out from IP ::1.
[2025-10-03 08:23:58] User #Unknown (Unknown) logged out from IP ::1.
[2025-10-03 08:23:59] User #Unknown (Unknown) logged out from IP ::1.
[2025-10-03 08:24:12] User #25 (mn) logged in successfully from IP ::1.
[2025-10-03 08:25:22] User #25 (mn) logged in successfully from IP ::1.
[2025-10-03 08:25:32] User #25 (Muhammad Naveed) logged out from IP ::1.
[2025-10-03 08:25:34] User #Unknown (Unknown) logged out from IP ::1.
[2025-10-03 08:25:41] User #25 (mn) logged in successfully from IP ::1.
[2025-10-03 08:27:57] User #25 (mn) logged in successfully from IP ::1.
[2025-10-03 08:28:36] User #Unknown (Unknown) logged out from IP ::1.
[2025-10-03 08:28:39] User #25 (mn) logged in successfully from IP ::1.
[2025-10-03 08:29:06] User #25 (Muhammad Naveed) logged out from IP ::1.
[2025-10-03 08:29:08] User #25 (mn) logged in successfully from IP ::1.
[2025-10-03 08:29:24] User #25 (Muhammad Naveed) logged out from IP ::1.
[2025-10-03 08:29:25] User #25 (mn) logged in successfully from IP ::1.
[2025-10-03 08:32:34] User #25 (mn) logged in successfully from IP ::1.
[2025-10-03 08:38:51] User #25 (mn) logged in successfully from IP ::1.
[2025-10-03 08:39:28] User #25 (Muhammad Naveed) logged out from IP ::1.
[2025-10-03 08:39:47] User #25 (mn) logged in successfully from IP ::1.
[2025-10-03 08:41:16] User #25 (Muhammad Naveed) logged out from IP ::1.
[2025-10-03 08:41:18] User #25 (mn) logged in successfully from IP ::1.
[2025-10-03 08:43:26] User #25 (Muhammad Naveed) logged out from IP ::1.
[2025-10-03 08:43:28] User #25 (mn) logged in successfully from IP ::1.
[2025-10-03 08:44:59] User #25 (mn) logged in successfully from IP ::1.
[2025-10-03 08:47:40] User #25 (Muhammad Naveed) logged out from IP ::1.
[2025-10-03 08:47:42] User #25 (mn) logged in successfully from IP ::1.
[2025-10-03 08:50:21] User #25 (Muhammad Naveed) logged out from IP ::1.
[2025-10-03 08:50:23] User #25 (mn) logged in successfully from IP ::1.
[2025-10-03 08:50:37] User #25 (Muhammad Naveed) logged out from IP ::1.
[2025-10-03 08:50:38] User #25 (mn) logged in successfully from IP ::1.
[2025-10-03 08:54:39] User #25 (Muhammad Naveed) logged out from IP ::1.
[2025-10-03 08:54:54] User #25 (mn) logged in successfully from IP ::1.
[2025-10-03 08:55:25] User #25 (Muhammad Naveed) logged out from IP ::1.
[2025-10-03 08:55:27] User #25 (mn) logged in successfully from IP ::1.
[2025-10-03 08:55:47] User #25 (Muhammad Naveed) logged out from IP ::1.
[2025-10-03 08:55:48] User #25 (mn) logged in successfully from IP ::1.
[2025-10-03 21:39:20] User #25 (Muhammad Naveed) logged out from IP ::1.
[2025-10-03 21:39:22] User #25 (mn) logged in successfully from IP ::1.
[2025-10-03 21:47:45] User #25 (Muhammad Naveed) logged out from IP ::1.
[2025-10-03 21:47:46] User #25 (mn) logged in successfully from IP ::1.
[2025-10-03 22:33:49] User #25 (Muhammad Naveed) logged out from IP ::1.
[2025-10-04 17:10:27] User #25 (Muhammad Naveed) logged out from IP ::1.
[2025-10-04 17:13:26] User #25 (Muhammad Naveed) logged out from IP ::1.
[2025-10-04 17:13:28] User #25 (mn) logged in successfully from IP ::1.
[2025-10-04 17:23:22] User #25 (Muhammad Naveed) logged out from IP ::1.
[2025-10-04 17:23:25] User #Unknown (Unknown) logged out from IP ::1.
[2025-10-04 17:23:27] User #Unknown (Unknown) logged out from IP ::1.
[2025-10-04 17:23:27] User #Unknown (Unknown) logged out from IP ::1.
[2025-10-04 17:23:28] User #Unknown (Unknown) logged out from IP ::1.
[2025-10-04 17:23:48] User #25 (Muhammad Naveed) logged out from IP ::1.
[2025-10-04 17:23:49] User #25 (mn) logged in successfully from IP ::1.
[2025-10-04 17:28:07] User #25 (Muhammad Naveed) logged out from IP ::1.
[2025-10-04 17:28:10] User #25 (mn) logged in successfully from IP ::1.
[2025-10-04 20:01:00] User #25 (Muhammad Naveed) logged out from IP ::1.
[2025-10-04 20:01:01] User #25 (mn) logged in successfully from IP ::1.
[2025-10-04 20:08:15] User #25 (Muhammad Naveed) logged out from IP ::1.
[2025-10-04 20:08:16] User #25 (mn) logged in successfully from IP ::1.
[2025-10-04 20:13:51] User #25 (Muhammad Naveed) logged out from IP ::1.
[2025-10-04 20:13:53] User #25 (mn) logged in successfully from IP ::1.
[2025-10-04 20:17:20] User #25 (Muhammad Naveed) logged out from IP ::1.
[2025-10-04 20:17:21] User #25 (mn) logged in successfully from IP ::1.
[2025-10-04 20:17:36] User #25 (Muhammad Naveed) logged out from IP ::1.
[2025-10-04 20:17:37] User #Unknown (Unknown) logged out from IP ::1.
[2025-10-04 20:17:38] User #Unknown (Unknown) logged out from IP ::1.
[2025-10-04 20:17:39] User #Unknown (Unknown) logged out from IP ::1.
[2025-10-04 20:17:39] User #Unknown (Unknown) logged out from IP ::1.
[2025-10-04 20:17:40] User #Unknown (Unknown) logged out from IP ::1.
[2025-10-04 20:17:40] User #Unknown (Unknown) logged out from IP ::1.
[2025-10-04 20:17:40] User #Unknown (Unknown) logged out from IP ::1.
[2025-10-04 20:17:53] User #25 (Muhammad Naveed) logged out from IP ::1.
[2025-10-04 20:17:55] User #25 (mn) logged in successfully from IP ::1.
[2025-10-04 20:24:04] User #25 (Muhammad Naveed) logged out from IP ::1.
[2025-10-04 20:24:06] User #25 (mn) logged in successfully from IP ::1.
[2025-10-04 20:26:06] User #25 (Muhammad Naveed) logged out from IP ::1.
[2025-10-04 20:26:08] User #25 (mn) logged in successfully from IP ::1.
[2025-10-04 20:32:10] User #25 (Muhammad Naveed) logged out from IP ::1.
[2025-10-04 20:32:11] User #25 (mn) logged in successfully from IP ::1.
[2025-10-04 20:34:36] User #25 (Muhammad Naveed) logged out from IP ::1.
[2025-10-04 20:34:37] User #25 (mn) logged in successfully from IP ::1.
[2025-10-04 20:42:54] User #25 (Muhammad Naveed) logged out from IP ::1.
[2025-10-04 20:42:55] User #25 (mn) logged in successfully from IP ::1.
[2025-10-04 20:49:36] User #25 (Muhammad Naveed) logged out from IP ::1.
[2025-10-04 20:49:37] User #25 (mn) logged in successfully from IP ::1.
[2025-10-04 20:52:51] User #25 (Muhammad Naveed) logged out from IP ::1.
[2025-10-04 20:52:52] User #25 (mn) logged in successfully from IP ::1.
[2025-10-04 21:01:00] User #25 (Muhammad Naveed) logged out from IP ::1.
[2025-10-04 21:01:01] User #25 (mn) logged in successfully from IP ::1.
[2025-10-04 21:01:14] User #25 (Muhammad Naveed) logged out from IP ::1.
[2025-10-04 21:01:16] User #Unknown (Unknown) logged out from IP ::1.
[2025-10-04 21:01:17] User #Unknown (Unknown) logged out from IP ::1.
[2025-10-04 21:01:18] User #Unknown (Unknown) logged out from IP ::1.
[2025-10-04 21:01:18] User #Unknown (Unknown) logged out from IP ::1.
[2025-10-04 21:01:18] User #Unknown (Unknown) logged out from IP ::1.
[2025-10-04 21:01:19] User #Unknown (Unknown) logged out from IP ::1.
[2025-10-04 21:01:19] User #Unknown (Unknown) logged out from IP ::1.
[2025-10-04 21:01:35] User #25 (Muhammad Naveed) logged out from IP ::1.
[2025-10-04 21:01:36] User #25 (mn) logged in successfully from IP ::1.
[2025-10-05 10:46:39] User #25 (Muhammad Naveed) logged out from IP ::1.
[2025-10-05 16:46:57] User #25 (Muhammad Naveed) logged out from IP ::1.
[2025-10-05 16:46:58] User #25 (mn) logged in successfully from IP ::1.
[2025-10-05 16:51:04] User #25 (Muhammad Naveed) logged out from IP ::1.
[2025-10-05 16:51:10] User #Unknown (Unknown) logged out from IP ::1.
[2025-10-05 16:51:12] User #Unknown (Unknown) logged out from IP ::1.
[2025-10-05 16:51:12] User #Unknown (Unknown) logged out from IP ::1.
[2025-10-05 16:51:14] User #Unknown (Unknown) logged out from IP ::1.
[2025-10-05 16:51:15] User #Unknown (Unknown) logged out from IP ::1.
[2025-10-05 16:51:15] User #Unknown (Unknown) logged out from IP ::1.
[2025-10-05 16:51:15] User #Unknown (Unknown) logged out from IP ::1.
[2025-10-05 16:51:15] User #Unknown (Unknown) logged out from IP ::1.
[2025-10-05 16:51:16] User #Unknown (Unknown) logged out from IP ::1.
[2025-10-05 16:51:25] User #25 (Muhammad Naveed) logged out from IP ::1.
[2025-10-05 16:51:26] User #25 (mn) logged in successfully from IP ::1.
[2025-10-05 16:53:24] User #25 (Muhammad Naveed) logged out from IP ::1.
[2025-10-05 16:53:25] User #25 (mn) logged in successfully from IP ::1.
[2025-10-05 16:58:44] User #25 (Muhammad Naveed) logged out from IP ::1.
[2025-10-05 16:58:46] User #25 (mn) logged in successfully from IP ::1.
[2025-10-05 17:03:36] User #25 (Muhammad Naveed) logged out from IP ::1.
[2025-10-05 17:03:38] User #25 (mn) logged in successfully from IP ::1.
[2025-10-05 17:14:14] User #25 (Muhammad Naveed) logged out from IP ::1.
[2025-10-05 17:14:16] User #25 (mn) logged in successfully from IP ::1.
[2025-10-05 17:14:29] User #25 (Muhammad Naveed) logged out from IP ::1.
[2025-10-05 17:14:30] User #25 (mn) logged in successfully from IP ::1.
[2025-10-05 17:20:45] User #25 (Muhammad Naveed) logged out from IP ::1.
[2025-10-05 17:20:46] User #25 (mn) logged in successfully from IP ::1.
[2025-10-05 17:25:34] User #25 (Muhammad Naveed) logged out from IP ::1.
[2025-10-05 17:25:35] User #Unknown (Unknown) logged out from IP ::1.
[2025-10-05 17:25:37] User #Unknown (Unknown) logged out from IP ::1.
[2025-10-05 17:25:37] User #Unknown (Unknown) logged out from IP ::1.
[2025-10-05 17:25:37] User #Unknown (Unknown) logged out from IP ::1.
[2025-10-05 17:25:38] User #Unknown (Unknown) logged out from IP ::1.
[2025-10-05 17:25:38] User #Unknown (Unknown) logged out from IP ::1.
[2025-10-05 17:26:24] User #25 (Muhammad Naveed) logged out from IP ::1.
[2025-10-05 17:26:26] User #25 (mn) logged in successfully from IP ::1.
[2025-10-05 17:27:17] User #25 (Muhammad Naveed) logged out from IP ::1.
[2025-10-05 17:27:18] User #25 (mn) logged in successfully from IP ::1.
[2025-10-05 17:35:27] User #25 (Muhammad Naveed) logged out from IP ::1.
[2025-10-05 17:35:28] User #Unknown (Unknown) logged out from IP ::1.
[2025-10-05 17:35:29] User #Unknown (Unknown) logged out from IP ::1.
[2025-10-05 17:39:40] User #25 (Muhammad Naveed) logged out from IP ::1.
[2025-10-05 17:39:41] User #25 (mn) logged in successfully from IP ::1.
[2025-10-05 17:43:42] User #25 (Muhammad Naveed) logged out from IP ::1.
[2025-10-05 17:43:43] User #25 (mn) logged in successfully from IP ::1.
[2025-10-06 15:30:00] User #25 (Muhammad Naveed) logged out from IP ::1.
[2025-10-06 15:30:01] User #25 (mn) logged in successfully from IP ::1.
[2025-10-06 20:45:34] User #25 (Muhammad Naveed) logged out from IP ::1.
[2025-10-06 20:45:36] User #25 (mn) logged in successfully from IP ::1.
[2025-10-06 20:46:07] User #25 (Muhammad Naveed) logged out from IP ::1.
[2025-10-06 20:46:08] User #25 (mn) logged in successfully from IP ::1.
[2025-10-06 20:54:42] User #25 (Muhammad Naveed) logged out from IP ::1.
[2025-10-06 20:54:44] User #Unknown (Unknown) logged out from IP ::1.
[2025-10-06 20:54:45] User #Unknown (Unknown) logged out from IP ::1.
[2025-10-06 20:54:58] User #25 (Muhammad Naveed) logged out from IP ::1.
[2025-10-06 20:54:59] User #25 (mn) logged in successfully from IP ::1.
[2025-10-06 20:55:17] User #25 (Muhammad Naveed) logged out from IP ::1.
[2025-10-06 20:55:19] User #25 (mn) logged in successfully from IP ::1.
[2025-10-06 20:55:34] User #25 (Muhammad Naveed) logged out from IP ::1.
[2025-10-06 20:55:35] User #25 (mn) logged in successfully from IP ::1.
[2025-10-06 20:56:05] User #25 (Muhammad Naveed) logged out from IP ::1.
[2025-10-06 20:56:07] User #25 (mn) logged in successfully from IP ::1.
[2025-10-06 20:56:28] User #25 (Muhammad Naveed) logged out from IP ::1.
[2025-10-06 20:56:30] User #25 (mn) logged in successfully from IP ::1.
[2025-10-06 20:57:27] User #25 (Muhammad Naveed) logged out from IP ::1.
[2025-10-06 20:57:30] User #25 (mn) logged in successfully from IP ::1.
[2025-10-06 21:27:01] User #25 (Muhammad Naveed) logged out from IP ::1.
[2025-10-06 21:27:03] User #25 (mn) logged in successfully from IP ::1.
[2025-10-06 21:27:24] User #25 (Muhammad Naveed) logged out from IP ::1.
[2025-10-06 21:27:26] User #25 (mn) logged in successfully from IP ::1.
[2025-10-06 21:27:53] User #25 (Muhammad Naveed) logged out from IP ::1.
[2025-10-06 21:27:54] User #25 (mn) logged in successfully from IP ::1.
[2025-10-06 21:28:27] User #25 (Muhammad Naveed) logged out from IP ::1.
[2025-10-06 21:28:29] User #25 (mn) logged in successfully from IP ::1.
[2025-10-06 21:29:08] User #25 (Muhammad Naveed) logged out from IP ::1.
[2025-10-06 21:29:09] User #25 (mn) logged in successfully from IP ::1.
[2025-10-06 21:29:34] User #25 (Muhammad Naveed) logged out from IP ::1.
[2025-10-06 21:29:35] User #25 (mn) logged in successfully from IP ::1.
[2025-10-06 21:35:56] User #25 (Muhammad Naveed) logged out from IP ::1.
[2025-10-07 06:48:43] User #25 (Muhammad Naveed) logged out from IP ::1.
[2025-10-07 06:48:45] User #25 (mn) logged in successfully from IP ::1.
[2025-10-07 06:51:43] User #25 (Muhammad Naveed) logged out from IP ::1.
[2025-10-07 06:51:46] User #25 (mn) logged in successfully from IP ::1.
[2025-10-07 06:56:45] User #25 (Muhammad Naveed) logged out from IP ::1.
[2025-10-07 06:56:46] User #25 (mn) logged in successfully from IP ::1.
[2025-10-07 06:57:13] User #25 (Muhammad Naveed) logged out from IP ::1.
[2025-10-07 06:57:15] User #Unknown (Unknown) logged out from IP ::1.
[2025-10-07 06:57:16] User #Unknown (Unknown) logged out from IP ::1.
[2025-10-07 06:57:45] User #25 (Muhammad Naveed) logged out from IP ::1.
[2025-10-07 06:57:46] User #25 (mn) logged in successfully from IP ::1.
[2025-10-07 06:59:05] User #25 (Muhammad Naveed) logged out from IP ::1.
[2025-10-07 06:59:07] User #25 (mn) logged in successfully from IP ::1.
[2025-10-07 07:01:42] User #25 (Muhammad Naveed) logged out from IP ::1.
[2025-10-07 07:01:43] User #25 (mn) logged in successfully from IP ::1.
[2025-10-07 07:04:36] User #25 (Muhammad Naveed) logged out from IP ::1.
[2025-10-07 07:04:38] User #25 (mn) logged in successfully from IP ::1.
[2025-10-07 07:06:43] User #25 (Muhammad Naveed) logged out from IP ::1.
[2025-10-07 07:06:45] User #25 (mn) logged in successfully from IP ::1.
[2025-10-07 07:07:13] User #25 (Muhammad Naveed) logged out from IP ::1.
[2025-10-07 05:17:36] User #25 (Muhammad Naveed) logged out from IP ::1.
[2025-10-07 05:17:37] User #25 (mn) logged in successfully from IP ::1.
[2025-10-07 05:21:38] User #25 (Muhammad Naveed) logged out from IP ::1.
[2025-10-07 05:21:40] User #25 (mn) logged in successfully from IP ::1.
[2025-10-07 05:22:15] User #25 (Muhammad Naveed) logged out from IP ::1.
[2025-10-07 05:22:17] User #Unknown (Unknown) logged out from IP ::1.
[2025-10-07 05:22:19] User #Unknown (Unknown) logged out from IP ::1.
[2025-10-07 05:23:15] User #25 (Muhammad Naveed) logged out from IP ::1.
[2025-10-07 05:23:17] User #25 (mn) logged in successfully from IP ::1.
[2025-10-07 05:24:28] User #25 (Muhammad Naveed) logged out from IP ::1.
[2025-10-07 05:24:30] User #25 (mn) logged in successfully from IP ::1.
[2025-10-07 05:25:21] User #25 (Muhammad Naveed) logged out from IP ::1.
[2025-10-07 05:25:23] User #25 (mn) logged in successfully from IP ::1.
[2025-10-07 05:31:02] User #25 (Muhammad Naveed) logged out from IP ::1.
[2025-10-10 17:30:36] User #25 (Muhammad Naveed) logged out from IP ::1.
[2025-10-10 17:30:38] User #25 (mn) logged in successfully from IP ::1.
[2025-10-10 17:38:52] User #25 (Muhammad Naveed) logged out from IP ::1.
[2025-10-10 17:38:55] User #25 (mn) logged in successfully from IP ::1.
[2025-10-10 17:44:58] User #25 (Muhammad Naveed) logged out from IP ::1.
[2025-10-10 17:45:00] User #25 (mn) logged in successfully from IP ::1.
