[2025-08-01 08:41:35] Order #249 created by user #
[2025-08-01 08:44:41] Order #250 created by user #25
[2025-08-01 09:09:58] Order #250 status changed from 'pending' to 'assigned' by user #25
[2025-08-01 09:16:57] Order #250 deleted by user #25
[2025-08-01 10:00:27] Order #251 created by user #25
[2025-08-01 23:17:16] Order #234 status changed to 'assigned' by user #25
[2025-08-01 23:18:00] Order #251 status changed to 'pending' (due to removal from Manifest #155) by user #25
[2025-08-01 23:26:29] Order #234 status changed to 'assigned' by user #25
[2025-08-03 01:52:27] Order #252 created by user #25
[2025-08-04 22:24:59] Order #253 created by user #25
[2025-08-15 02:41:55] Order #254 created by user #25
[2025-08-17 21:14:46] Order #255 created by user #25
[2025-08-17 21:17:25] Order #256 created by user #25
[2025-08-19 12:52:52] Order #257 created by user #25
[2025-08-21 02:41:05] Order #258 created by user #25
[2025-08-21 03:15:19] Order #259 created by user #25
[2025-08-21 03:22:45] Order #260 created by user #25
[2025-08-21 03:24:19] Order #260 deleted by user #25
[2025-08-21 03:24:48] Order #261 created by user #25
[2025-09-10 12:26:09] Order #248 created by user #25
[2025-09-10 12:55:04] Order #249 created by user #25
[2025-09-12 09:15:32] Order #250 created by user #25
[2025-09-15 08:25:24] Order #251 created by user #25
[2025-09-15 08:27:20] Order #252 created by user #25
[2025-09-15 08:29:31] Order #253 created by user #25
[2025-09-15 08:33:21] Order #254 created by user #25
[2025-09-15 13:07:45] Order #255 created by user #25
[2025-09-15 13:20:09] Order #256 created by user #25
[2025-09-16 02:49:07] Order #257 created by user #25
[2025-09-16 03:05:11] Order #258 created by user #25
[2025-09-16 03:09:44] Order #259 created by user #25
[2025-09-16 03:42:13] Order #260 created by user #25
[2025-09-16 03:42:30] Order #261 created by user #25
[2025-09-16 03:42:47] Order #262 created by user #25
[2025-09-16 03:43:23] Order #263 created by user #25
[2025-09-16 03:43:57] Order #264 created by user #25
<<<<<<< HEAD
[2025-09-22 08:50:18] Order #265 created by user #25
=======
[2025-09-20 19:21:35] Order #248 created by user #25
>>>>>>> 58316d5408f378aa4b3cc44678087670050dcdc2
